18:03:58 **** Build of configuration Debug for project button_seven_seg ****
make all 
Building file: ../main.c
Invoking: AVR Compiler
avr-gcc -Wall -g2 -gstabs -O0 -fpack-struct -fshort-enums -ffunction-sections -fdata-sections -std=gnu99 -funsigned-char -funsigned-bitfields -mmcu=atmega32 -DF_CPU=8000000UL -MMD -MP -MF"main.d" -MT"main.o" -c -o "main.o" "../main.c"
In file included from ../main.c:10:
c:/users/oxygen/desktop/imt embedded/imt tools/sdk/imt_sdk_win_64/winavr/lib/gcc/../../avr/include/util/delay.h:90:3: warning: #warning "Compiler optimizations disabled; functions from <util/delay.h> won't work as designed"
Finished building: ../main.c
 
Building target: button_seven_seg.elf
Invoking: AVR C Linker
avr-gcc -Wl,-Map,button_seven_seg.map -mmcu=atmega32 -o "button_seven_seg.elf"  ./main.o   
Finished building target: button_seven_seg.elf
 
Invoking: AVR Create Extended Listing
avr-objdump -h -S button_seven_seg.elf  >"button_seven_seg.lss"
Finished building: button_seven_seg.lss
 
Create Flash image (ihex format)
avr-objcopy -R .eeprom -R .fuse -R .lock -R .signature -O ihex button_seven_seg.elf  "button_seven_seg.hex"
Finished building: button_seven_seg.hex
 
Invoking: Print Size
avr-size --format=avr --mcu=atmega32 button_seven_seg.elf
AVR Memory Usage
----------------
Device: atmega32

Program:    3428 bytes (10.5% Full)
(.text + .data + .bootloader)

Data:         18 bytes (0.9% Full)
(.data + .bss + .noinit)


Finished building: sizedummy
 

18:04:00 Build Finished (took 1s.789ms)

