20:27:02 **** Incremental Build of configuration Debug for project calculator_KPD ****
make all 
Building file: ../main.c
Invoking: AVR Compiler
avr-gcc -Wall -g2 -gstabs -O0 -fpack-struct -fshort-enums -ffunction-sections -fdata-sections -std=gnu99 -funsigned-char -funsigned-bitfields -mmcu=atmega32 -DF_CPU=8000000UL -MMD -MP -MF"main.d" -MT"main.o" -c -o "main.o" "../main.c"
In file included from ../main.c:12:
c:/users/oxygen/desktop/imt embedded/imt tools/sdk/imt_sdk_win_64/winavr/lib/gcc/../../avr/include/util/delay.h:90:3: warning: #warning "Compiler optimizations disabled; functions from <util/delay.h> won't work as designed"
../main.c:20: warning: return type of 'main' is not 'int'
Finished building: ../main.c
 
Building target: calculator_KPD.elf
Invoking: AVR C Linker
avr-gcc -Wl,-Map,calculator_KPD.map -mmcu=atmega32 -o "calculator_KPD.elf"  ./CLCD_prog.o ./DIO_prog.o ./KPD_prog.o ./PORT_prog.o ./main.o   
Finished building target: calculator_KPD.elf
 
Invoking: AVR Create Extended Listing
avr-objdump -h -S calculator_KPD.elf  >"calculator_KPD.lss"
Finished building: calculator_KPD.lss
 
Create Flash image (ihex format)
avr-objcopy -R .eeprom -R .fuse -R .lock -R .signature -O ihex calculator_KPD.elf  "calculator_KPD.hex"
Finished building: calculator_KPD.hex
 
Invoking: Print Size
avr-size --format=avr --mcu=atmega32 calculator_KPD.elf
AVR Memory Usage
----------------
Device: atmega32

Program:    8178 bytes (25.0% Full)
(.text + .data + .bootloader)

Data:        108 bytes (5.3% Full)
(.data + .bss + .noinit)


Finished building: sizedummy
 

20:27:11 Build Finished (took 8s.586ms)

