05:44:25 **** Incremental Build of configuration Debug for project CLCD4 ****
make all 
Building file: ../PORT_prog.c
Invoking: AVR Compiler
avr-gcc -Wall -g2 -gstabs -O0 -fpack-struct -fshort-enums -ffunction-sections -fdata-sections -std=gnu99 -funsigned-char -funsigned-bitfields -mmcu=atmega32 -DF_CPU=8000000UL -MMD -MP -MF"PORT_prog.d" -MT"PORT_prog.o" -c -o "PORT_prog.o" "../PORT_prog.c"
Finished building: ../PORT_prog.c
 
Building target: CLCD4.elf
Invoking: AVR C Linker
avr-gcc -Wl,-Map,CLCD4.map -mmcu=atmega32 -o "CLCD4.elf"  ./CLCD_prog.o ./DIO_prog.o ./PORT_prog.o ./main.o   
Finished building target: CLCD4.elf
 
Invoking: AVR Create Extended Listing
avr-objdump -h -S CLCD4.elf  >"CLCD4.lss"
Finished building: CLCD4.lss
 
Create Flash image (ihex format)
avr-objcopy -R .eeprom -R .fuse -R .lock -R .signature -O ihex CLCD4.elf  "CLCD4.hex"
Finished building: CLCD4.hex
 
Invoking: Print Size
avr-size --format=avr --mcu=atmega32 CLCD4.elf
AVR Memory Usage
----------------
Device: atmega32

Program:    6234 bytes (19.0% Full)
(.text + .data + .bootloader)

Data:          8 bytes (0.4% Full)
(.data + .bss + .noinit)


Finished building: sizedummy
 

05:44:28 Build Finished (took 2s.402ms)

