22:52:42 **** Incremental Build of configuration Debug for project Complete_Motor_Dashboard ****
make all 
Building file: ../ADC_prog.c
Invoking: AVR Compiler
avr-gcc -Wall -g2 -gstabs -O0 -fpack-struct -fshort-enums -ffunction-sections -fdata-sections -std=gnu99 -funsigned-char -funsigned-bitfields -mmcu=atmega32 -DF_CPU=8000000UL -MMD -MP -MF"ADC_prog.d" -MT"ADC_prog.o" -c -o "ADC_prog.o" "../ADC_prog.c"
Finished building: ../ADC_prog.c
 
Building file: ../CLCD_prog.c
Invoking: AVR Compiler
avr-gcc -Wall -g2 -gstabs -O0 -fpack-struct -fshort-enums -ffunction-sections -fdata-sections -std=gnu99 -funsigned-char -funsigned-bitfields -mmcu=atmega32 -DF_CPU=8000000UL -MMD -MP -MF"CLCD_prog.d" -MT"CLCD_prog.o" -c -o "CLCD_prog.o" "../CLCD_prog.c"
In file included from ../CLCD_prog.c:2:
c:/users/oxygen/desktop/imt embedded/imt tools/sdk/imt_sdk_win_64/winavr/lib/gcc/../../avr/include/util/delay.h:90:3: warning: #warning "Compiler optimizations disabled; functions from <util/delay.h> won't work as designed"
Finished building: ../CLCD_prog.c
 
Building file: ../DC_prog.c
Invoking: AVR Compiler
avr-gcc -Wall -g2 -gstabs -O0 -fpack-struct -fshort-enums -ffunction-sections -fdata-sections -std=gnu99 -funsigned-char -funsigned-bitfields -mmcu=atmega32 -DF_CPU=8000000UL -MMD -MP -MF"DC_prog.d" -MT"DC_prog.o" -c -o "DC_prog.o" "../DC_prog.c"
Finished building: ../DC_prog.c
 
Building file: ../DIO_prog.c
Invoking: AVR Compiler
avr-gcc -Wall -g2 -gstabs -O0 -fpack-struct -fshort-enums -ffunction-sections -fdata-sections -std=gnu99 -funsigned-char -funsigned-bitfields -mmcu=atmega32 -DF_CPU=8000000UL -MMD -MP -MF"DIO_prog.d" -MT"DIO_prog.o" -c -o "DIO_prog.o" "../DIO_prog.c"
Finished building: ../DIO_prog.c
 
Building file: ../KPD_prog.c
Invoking: AVR Compiler
avr-gcc -Wall -g2 -gstabs -O0 -fpack-struct -fshort-enums -ffunction-sections -fdata-sections -std=gnu99 -funsigned-char -funsigned-bitfields -mmcu=atmega32 -DF_CPU=8000000UL -MMD -MP -MF"KPD_prog.d" -MT"KPD_prog.o" -c -o "KPD_prog.o" "../KPD_prog.c"
Finished building: ../KPD_prog.c
 
Building file: ../Map.c
Invoking: AVR Compiler
avr-gcc -Wall -g2 -gstabs -O0 -fpack-struct -fshort-enums -ffunction-sections -fdata-sections -std=gnu99 -funsigned-char -funsigned-bitfields -mmcu=atmega32 -DF_CPU=8000000UL -MMD -MP -MF"Map.d" -MT"Map.o" -c -o "Map.o" "../Map.c"
Finished building: ../Map.c
 
Building file: ../PORT_prog.c
Invoking: AVR Compiler
avr-gcc -Wall -g2 -gstabs -O0 -fpack-struct -fshort-enums -ffunction-sections -fdata-sections -std=gnu99 -funsigned-char -funsigned-bitfields -mmcu=atmega32 -DF_CPU=8000000UL -MMD -MP -MF"PORT_prog.d" -MT"PORT_prog.o" -c -o "PORT_prog.o" "../PORT_prog.c"
Finished building: ../PORT_prog.c
 
Building file: ../Stepper_prog.c
Invoking: AVR Compiler
avr-gcc -Wall -g2 -gstabs -O0 -fpack-struct -fshort-enums -ffunction-sections -fdata-sections -std=gnu99 -funsigned-char -funsigned-bitfields -mmcu=atmega32 -DF_CPU=8000000UL -MMD -MP -MF"Stepper_prog.d" -MT"Stepper_prog.o" -c -o "Stepper_prog.o" "../Stepper_prog.c"
In file included from ../Stepper_prog.c:4:
c:/users/oxygen/desktop/imt embedded/imt tools/sdk/imt_sdk_win_64/winavr/lib/gcc/../../avr/include/util/delay.h:90:3: warning: #warning "Compiler optimizations disabled; functions from <util/delay.h> won't work as designed"
Finished building: ../Stepper_prog.c
 
Building file: ../Timer_prog.c
Invoking: AVR Compiler
avr-gcc -Wall -g2 -gstabs -O0 -fpack-struct -fshort-enums -ffunction-sections -fdata-sections -std=gnu99 -funsigned-char -funsigned-bitfields -mmcu=atmega32 -DF_CPU=8000000UL -MMD -MP -MF"Timer_prog.d" -MT"Timer_prog.o" -c -o "Timer_prog.o" "../Timer_prog.c"
Finished building: ../Timer_prog.c
 
Building file: ../main.c
Invoking: AVR Compiler
avr-gcc -Wall -g2 -gstabs -O0 -fpack-struct -fshort-enums -ffunction-sections -fdata-sections -std=gnu99 -funsigned-char -funsigned-bitfields -mmcu=atmega32 -DF_CPU=8000000UL -MMD -MP -MF"main.d" -MT"main.o" -c -o "main.o" "../main.c"
In file included from ../main.c:12:
c:/users/oxygen/desktop/imt embedded/imt tools/sdk/imt_sdk_win_64/winavr/lib/gcc/../../avr/include/util/delay.h:90:3: warning: #warning "Compiler optimizations disabled; functions from <util/delay.h> won't work as designed"
../main.c:127: warning: return type of 'main' is not 'int'
Finished building: ../main.c
 
Building target: Complete_Motor_Dashboard.elf
Invoking: AVR C Linker
avr-gcc -Wl,-Map,Complete_Motor_Dashboard.map -mmcu=atmega32 -o "Complete_Motor_Dashboard.elf"  ./ADC_prog.o ./CLCD_prog.o ./DC_prog.o ./DIO_prog.o ./KPD_prog.o ./Map.o ./PORT_prog.o ./Stepper_prog.o ./Timer_prog.o ./main.o   
Finished building target: Complete_Motor_Dashboard.elf
 
Invoking: AVR Create Extended Listing
avr-objdump -h -S Complete_Motor_Dashboard.elf  >"Complete_Motor_Dashboard.lss"
Finished building: Complete_Motor_Dashboard.lss
 
Create Flash image (ihex format)
avr-objcopy -R .eeprom -R .fuse -R .lock -R .signature -O ihex Complete_Motor_Dashboard.elf  "Complete_Motor_Dashboard.hex"
Finished building: Complete_Motor_Dashboard.hex
 
Invoking: Print Size
avr-size --format=avr --mcu=atmega32 Complete_Motor_Dashboard.elf
AVR Memory Usage
----------------
Device: atmega32

Program:   18658 bytes (56.9% Full)
(.text + .data + .bootloader)

Data:        314 bytes (15.3% Full)
(.data + .bss + .noinit)


Finished building: sizedummy
 

22:52:57 Build Finished (took 15s.90ms)

