11:01:02 **** Incremental Build of configuration Debug for project convergence ****
make all 
Building file: ../main.c
Invoking: AVR Compiler
avr-gcc -Wall -g2 -gstabs -O0 -fpack-struct -fshort-enums -ffunction-sections -fdata-sections -std=gnu99 -funsigned-char -funsigned-bitfields -mmcu=atmega32 -DF_CPU=8000000UL -MMD -MP -MF"main.d" -MT"main.o" -c -o "main.o" "../main.c"
In file included from ../main.c:9:
c:/users/oxygen/desktop/imt embedded/imt tools/sdk/imt_sdk_win_64/winavr/lib/gcc/../../avr/include/util/delay.h:90:3: warning: #warning "Compiler optimizations disabled; functions from <util/delay.h> won't work as designed"
Finished building: ../main.c
 
Building target: convergence.elf
Invoking: AVR C Linker
avr-gcc -Wl,-Map,convergence.map -mmcu=atmega32 -o "convergence.elf"  ./main.o   
Finished building target: convergence.elf
 
Invoking: AVR Create Extended Listing
avr-objdump -h -S convergence.elf  >"convergence.lss"
Finished building: convergence.lss
 
Create Flash image (ihex format)
avr-objcopy -R .eeprom -R .fuse -R .lock -R .signature -O ihex convergence.elf  "convergence.hex"
Finished building: convergence.hex
 
Invoking: Print Size
avr-size --format=avr --mcu=atmega32 convergence.elf
AVR Memory Usage
----------------
Device: atmega32

Program:    3668 bytes (11.2% Full)
(.text + .data + .bootloader)

Data:          8 bytes (0.4% Full)
(.data + .bss + .noinit)


Finished building: sizedummy
 

11:01:04 Build Finished (took 2s.410ms)

