17:04:01 **** Incremental Build of configuration Debug for project DAC ****
make all 
Building file: ../main.c
Invoking: AVR Compiler
avr-gcc -Wall -g2 -gstabs -O0 -fpack-struct -fshort-enums -ffunction-sections -fdata-sections -std=gnu99 -funsigned-char -funsigned-bitfields -mmcu=atmega32 -DF_CPU=8000000UL -MMD -MP -MF"main.d" -MT"main.o" -c -o "main.o" "../main.c"
In file included from ../main.c:11:
c:/users/oxygen/desktop/imt embedded/imt tools/sdk/imt_sdk_win_64/winavr/lib/gcc/../../avr/include/util/delay.h:90:3: warning: #warning "Compiler optimizations disabled; functions from <util/delay.h> won't work as designed"
../main.c:17: warning: return type of 'main' is not 'int'
Finished building: ../main.c
 
Building target: DAC.elf
Invoking: AVR C Linker
avr-gcc -Wl,-Map,DAC.map -mmcu=atmega32 -o "DAC.elf"  ./DAC_prog.o ./DIO_prog.o ./PORT_prog.o ./main.o   
Finished building target: DAC.elf
 
Invoking: AVR Create Extended Listing
avr-objdump -h -S DAC.elf  >"DAC.lss"
Finished building: DAC.lss
 
Create Flash image (ihex format)
avr-objcopy -R .eeprom -R .fuse -R .lock -R .signature -O ihex DAC.elf  "DAC.hex"
Finished building: DAC.hex
 
Invoking: Print Size
avr-size --format=avr --mcu=atmega32 DAC.elf
AVR Memory Usage
----------------
Device: atmega32

Program:    6168 bytes (18.8% Full)
(.text + .data + .bootloader)

Data:          8 bytes (0.4% Full)
(.data + .bss + .noinit)


Finished building: sizedummy
 

17:04:02 Build Finished (took 1s.284ms)

