14:11:26 **** Incremental Build of configuration Debug for project DIO1 ****
make all 
Building file: ../main.c
Invoking: AVR Compiler
avr-gcc -Wall -g2 -gstabs -O0 -fpack-struct -fshort-enums -ffunction-sections -fdata-sections -std=gnu99 -funsigned-char -funsigned-bitfields -mmcu=atmega32 -DF_CPU=8000000UL -MMD -MP -MF"main.d" -MT"main.o" -c -o "main.o" "../main.c"
In file included from ../main.c:12:
c:/users/oxygen/desktop/imt embedded/imt tools/sdk/imt_sdk_win_64/winavr/lib/gcc/../../avr/include/util/delay.h:90:3: warning: #warning "Compiler optimizations disabled; functions from <util/delay.h> won't work as designed"
../main.c:16: warning: return type of 'main' is not 'int'
Finished building: ../main.c
 
Building target: DIO1.elf
Invoking: AVR C Linker
avr-gcc -Wl,-Map,DIO1.map -mmcu=atmega32 -o "DIO1.elf"  ./DIO_prog.o ./main.o   
Finished building target: DIO1.elf
 
Invoking: AVR Create Extended Listing
avr-objdump -h -S DIO1.elf  >"DIO1.lss"
Finished building: DIO1.lss
 
Create Flash image (ihex format)
avr-objcopy -R .eeprom -R .fuse -R .lock -R .signature -O ihex DIO1.elf  "DIO1.hex"
Finished building: DIO1.hex
 
Invoking: Print Size
avr-size --format=avr --mcu=atmega32 DIO1.elf
AVR Memory Usage
----------------
Device: atmega32

Program:    1880 bytes (5.7% Full)
(.text + .data + .bootloader)

Data:          0 bytes (0.0% Full)
(.data + .bss + .noinit)


Finished building: sizedummy
 

14:11:28 Build Finished (took 2s.323ms)

