20:47:32 **** Incremental Build of configuration Debug for project DIO2 ****
make all 
Building file: ../DIO_prog.c
Invoking: AVR Compiler
avr-gcc -Wall -g2 -gstabs -O0 -fpack-struct -fshort-enums -ffunction-sections -fdata-sections -std=gnu99 -funsigned-char -funsigned-bitfields -mmcu=atmega32 -DF_CPU=8000000UL -MMD -MP -MF"DIO_prog.d" -MT"DIO_prog.o" -c -o "DIO_prog.o" "../DIO_prog.c"
In file included from ../DIO_prog.c:3:
c:/users/oxygen/desktop/imt embedded/imt tools/sdk/imt_sdk_win_64/winavr/lib/gcc/../../avr/include/util/delay.h:90:3: warning: #warning "Compiler optimizations disabled; functions from <util/delay.h> won't work as designed"
Finished building: ../DIO_prog.c
 
Building file: ../main.c
Invoking: AVR Compiler
avr-gcc -Wall -g2 -gstabs -O0 -fpack-struct -fshort-enums -ffunction-sections -fdata-sections -std=gnu99 -funsigned-char -funsigned-bitfields -mmcu=atmega32 -DF_CPU=8000000UL -MMD -MP -MF"main.d" -MT"main.o" -c -o "main.o" "../main.c"
In file included from ../main.c:4:
c:/users/oxygen/desktop/imt embedded/imt tools/sdk/imt_sdk_win_64/winavr/lib/gcc/../../avr/include/util/delay.h:90:3: warning: #warning "Compiler optimizations disabled; functions from <util/delay.h> won't work as designed"
../main.c:8: warning: return type of 'main' is not 'int'
Finished building: ../main.c
 
Building target: DIO2.elf
Invoking: AVR C Linker
avr-gcc -Wl,-Map,DIO2.map -mmcu=atmega32 -o "DIO2.elf"  ./DIO_prog.o ./main.o   
Finished building target: DIO2.elf
 
Invoking: AVR Create Extended Listing
avr-objdump -h -S DIO2.elf  >"DIO2.lss"
Finished building: DIO2.lss
 
Create Flash image (ihex format)
avr-objcopy -R .eeprom -R .fuse -R .lock -R .signature -O ihex DIO2.elf  "DIO2.hex"
Finished building: DIO2.hex
 
Invoking: Print Size
avr-size --format=avr --mcu=atmega32 DIO2.elf
AVR Memory Usage
----------------
Device: atmega32

Program:    5360 bytes (16.4% Full)
(.text + .data + .bootloader)

Data:         18 bytes (0.9% Full)
(.data + .bss + .noinit)


Finished building: sizedummy
 

20:47:36 Build Finished (took 3s.855ms)

