12:53:58 **** Incremental Build of configuration Debug for project divergence ****
make all 
Building file: ../main.c
Invoking: AVR Compiler
avr-gcc -Wall -g2 -gstabs -O0 -fpack-struct -fshort-enums -ffunction-sections -fdata-sections -std=gnu99 -funsigned-char -funsigned-bitfields -mmcu=atmega32 -DF_CPU=8000000UL -MMD -MP -MF"main.d" -MT"main.o" -c -o "main.o" "../main.c"
In file included from ../main.c:5:
c:/users/oxygen/desktop/imt embedded/imt tools/sdk/imt_sdk_win_64/winavr/lib/gcc/../../avr/include/util/delay.h:90:3: warning: #warning "Compiler optimizations disabled; functions from <util/delay.h> won't work as designed"
Finished building: ../main.c
 
Building target: divergence.elf
Invoking: AVR C++ Linker
avr-g++ -Wl,-Map,divergence.map,--cref -mrelax -Wl,--gc-sections -mmcu=atmega32 -o "divergence.elf"  ./main.o   
Finished building target: divergence.elf
 
Invoking: AVR Create Extended Listing
avr-objdump -h -S divergence.elf  >"divergence.lss"
Finished building: divergence.lss
 
Create Flash image (ihex format)
avr-objcopy -R .eeprom -R .fuse -R .lock -R .signature -O ihex divergence.elf  "divergence.hex"
Finished building: divergence.hex
 
Invoking: Print Size
avr-size --format=avr --mcu=atmega32 divergence.elf
AVR Memory Usage
----------------
Device: atmega32

Program:    3548 bytes (10.8% Full)
(.text + .data + .bootloader)

Data:          8 bytes (0.4% Full)
(.data + .bss + .noinit)


Finished building: sizedummy
 

12:54:02 Build Finished (took 3s.704ms)

