12:46:36 **** Incremental Build of configuration Debug for project EXTI_Driver ****
make all 
Building file: ../PORT_prog.c
Invoking: AVR Compiler
avr-gcc -Wall -g2 -gstabs -O0 -fpack-struct -fshort-enums -ffunction-sections -fdata-sections -std=gnu99 -funsigned-char -funsigned-bitfields -mmcu=atmega32 -DF_CPU=8000000UL -MMD -MP -MF"PORT_prog.d" -MT"PORT_prog.o" -c -o "PORT_prog.o" "../PORT_prog.c"
Finished building: ../PORT_prog.c
 
Building target: EXTI_Driver.elf
Invoking: AVR C Linker
avr-gcc -Wl,-Map,EXTI_Driver.map -mmcu=atmega32 -o "EXTI_Driver.elf"  ./DIO_prog.o ./EXTI_prog.o ./GIE_prog.o ./PORT_prog.o ./main.o   
Finished building target: EXTI_Driver.elf
 
Invoking: AVR Create Extended Listing
avr-objdump -h -S EXTI_Driver.elf  >"EXTI_Driver.lss"
Finished building: EXTI_Driver.lss
 
Create Flash image (ihex format)
avr-objcopy -R .eeprom -R .fuse -R .lock -R .signature -O ihex EXTI_Driver.elf  "EXTI_Driver.hex"
Finished building: EXTI_Driver.hex
 
Invoking: Print Size
avr-size --format=avr --mcu=atmega32 EXTI_Driver.elf
AVR Memory Usage
----------------
Device: atmega32

Program:    3580 bytes (10.9% Full)
(.text + .data + .bootloader)

Data:          6 bytes (0.3% Full)
(.data + .bss + .noinit)


Finished building: sizedummy
 

12:46:39 Build Finished (took 3s.654ms)

