16:25:35 **** Incremental Build of configuration Debug for project Watch_Dog_Timer_Driver ****
make all 
Building file: ../main.c
Invoking: AVR Compiler
avr-gcc -Wall -g2 -gstabs -O0 -fpack-struct -fshort-enums -ffunction-sections -fdata-sections -std=gnu99 -funsigned-char -funsigned-bitfields -mmcu=atmega32 -DF_CPU=8000000UL -MMD -MP -MF"main.d" -MT"main.o" -c -o "main.o" "../main.c"
In file included from ../main.c:13:
c:/users/oxygen/desktop/imt embedded/imt tools/sdk/imt_sdk_win_64/winavr/lib/gcc/../../avr/include/util/delay.h:90:3: warning: #warning "Compiler optimizations disabled; functions from <util/delay.h> won't work as designed"
../main.c:21: warning: return type of 'main' is not 'int'
Finished building: ../main.c
 
Building target: Watch_Dog_Timer_Driver.elf
Invoking: AVR C Linker
avr-gcc -Wl,-Map,Watch_Dog_Timer_Driver.map -mmcu=atmega32 -o "Watch_Dog_Timer_Driver.elf"  ./DIO_prog.o ./PORT_prog.o ./WDT_prog.o ./main.o   
Finished building target: Watch_Dog_Timer_Driver.elf
 
Invoking: AVR Create Extended Listing
avr-objdump -h -S Watch_Dog_Timer_Driver.elf  >"Watch_Dog_Timer_Driver.lss"
Finished building: Watch_Dog_Timer_Driver.lss
 
Create Flash image (ihex format)
avr-objcopy -R .eeprom -R .fuse -R .lock -R .signature -O ihex Watch_Dog_Timer_Driver.elf  "Watch_Dog_Timer_Driver.hex"
Finished building: Watch_Dog_Timer_Driver.hex
 
Invoking: Print Size
avr-size --format=avr --mcu=atmega32 Watch_Dog_Timer_Driver.elf
AVR Memory Usage
----------------
Device: atmega32

Program:    5456 bytes (16.7% Full)
(.text + .data + .bootloader)

Data:          8 bytes (0.4% Full)
(.data + .bss + .noinit)


Finished building: sizedummy
 
16:45:06 **** Incremental Build of configuration Debug for project Watch_Dog_Timer_Driver ****
make all 
Building file: ../WDT_prog.c
Invoking: AVR Compiler
avr-gcc -Wall -g2 -gstabs -O0 -fpack-struct -fshort-enums -ffunction-sections -fdata-sections -std=gnu99 -funsigned-char -funsigned-bitfields -mmcu=atmega32 -DF_CPU=8000000UL -MMD -MP -MF"WDT_prog.d" -MT"WDT_prog.o" -c -o "WDT_prog.o" "../WDT_prog.c"
Finished building: ../WDT_prog.c
 
Building file: ../main.c
Invoking: AVR Compiler
avr-gcc -Wall -g2 -gstabs -O0 -fpack-struct -fshort-enums -ffunction-sections -fdata-sections -std=gnu99 -funsigned-char -funsigned-bitfields -mmcu=atmega32 -DF_CPU=8000000UL -MMD -MP -MF"main.d" -MT"main.o" -c -o "main.o" "../main.c"
In file included from ../main.c:13:
c:/users/oxygen/desktop/imt embedded/imt tools/sdk/imt_sdk_win_64/winavr/lib/gcc/../../avr/include/util/delay.h:90:3: warning: #warning "Compiler optimizations disabled; functions from <util/delay.h> won't work as designed"
../main.c:21: warning: return type of 'main' is not 'int'
Finished building: ../main.c
 
Building target: Watch_Dog_Timer_Driver.elf
Invoking: AVR C Linker
avr-gcc -Wl,-Map,Watch_Dog_Timer_Driver.map -mmcu=atmega32 -o "Watch_Dog_Timer_Driver.elf"  ./DIO_prog.o ./PORT_prog.o ./WDT_prog.o ./main.o   
Finished building target: Watch_Dog_Timer_Driver.elf
 
Invoking: AVR Create Extended Listing
avr-objdump -h -S Watch_Dog_Timer_Driver.elf  >"Watch_Dog_Timer_Driver.lss"
Finished building: Watch_Dog_Timer_Driver.lss
 
Create Flash image (ihex format)
avr-objcopy -R .eeprom -R .fuse -R .lock -R .signature -O ihex Watch_Dog_Timer_Driver.elf  "Watch_Dog_Timer_Driver.hex"
Finished building: Watch_Dog_Timer_Driver.hex
 
Invoking: Print Size
avr-size --format=avr --mcu=atmega32 Watch_Dog_Timer_Driver.elf
AVR Memory Usage
----------------
Device: atmega32

Program:    5456 bytes (16.7% Full)
(.text + .data + .bootloader)

Data:          8 bytes (0.4% Full)
(.data + .bss + .noinit)


Finished building: sizedummy
 
16:45:58 **** Incremental Build of configuration Debug for project Watch_Dog_Timer_Driver ****
make all 
Building file: ../main.c
Invoking: AVR Compiler
avr-gcc -Wall -g2 -gstabs -O0 -fpack-struct -fshort-enums -ffunction-sections -fdata-sections -std=gnu99 -funsigned-char -funsigned-bitfields -mmcu=atmega32 -DF_CPU=8000000UL -MMD -MP -MF"main.d" -MT"main.o" -c -o "main.o" "../main.c"
In file included from ../main.c:13:
c:/users/oxygen/desktop/imt embedded/imt tools/sdk/imt_sdk_win_64/winavr/lib/gcc/../../avr/include/util/delay.h:90:3: warning: #warning "Compiler optimizations disabled; functions from <util/delay.h> won't work as designed"
../main.c:21: warning: return type of 'main' is not 'int'
Finished building: ../main.c
 
Building target: Watch_Dog_Timer_Driver.elf
Invoking: AVR C Linker
avr-gcc -Wl,-Map,Watch_Dog_Timer_Driver.map -mmcu=atmega32 -o "Watch_Dog_Timer_Driver.elf"  ./DIO_prog.o ./PORT_prog.o ./WDT_prog.o ./main.o   
Finished building target: Watch_Dog_Timer_Driver.elf
 
Invoking: AVR Create Extended Listing
avr-objdump -h -S Watch_Dog_Timer_Driver.elf  >"Watch_Dog_Timer_Driver.lss"
Finished building: Watch_Dog_Timer_Driver.lss
 
Create Flash image (ihex format)
avr-objcopy -R .eeprom -R .fuse -R .lock -R .signature -O ihex Watch_Dog_Timer_Driver.elf  "Watch_Dog_Timer_Driver.hex"
Finished building: Watch_Dog_Timer_Driver.hex
 
Invoking: Print Size
avr-size --format=avr --mcu=atmega32 Watch_Dog_Timer_Driver.elf
AVR Memory Usage
----------------
Device: atmega32

Program:    5452 bytes (16.6% Full)
(.text + .data + .bootloader)

Data:          8 bytes (0.4% Full)
(.data + .bss + .noinit)


Finished building: sizedummy
 
16:46:59 **** Incremental Build of configuration Debug for project Watch_Dog_Timer_Driver ****
make all 
Building file: ../main.c
Invoking: AVR Compiler
avr-gcc -Wall -g2 -gstabs -O0 -fpack-struct -fshort-enums -ffunction-sections -fdata-sections -std=gnu99 -funsigned-char -funsigned-bitfields -mmcu=atmega32 -DF_CPU=8000000UL -MMD -MP -MF"main.d" -MT"main.o" -c -o "main.o" "../main.c"
In file included from ../main.c:13:
c:/users/oxygen/desktop/imt embedded/imt tools/sdk/imt_sdk_win_64/winavr/lib/gcc/../../avr/include/util/delay.h:90:3: warning: #warning "Compiler optimizations disabled; functions from <util/delay.h> won't work as designed"
../main.c:21: warning: return type of 'main' is not 'int'
Finished building: ../main.c
 
Building target: Watch_Dog_Timer_Driver.elf
Invoking: AVR C Linker
avr-gcc -Wl,-Map,Watch_Dog_Timer_Driver.map -mmcu=atmega32 -o "Watch_Dog_Timer_Driver.elf"  ./DIO_prog.o ./PORT_prog.o ./WDT_prog.o ./main.o   
Finished building target: Watch_Dog_Timer_Driver.elf
 
Invoking: AVR Create Extended Listing
avr-objdump -h -S Watch_Dog_Timer_Driver.elf  >"Watch_Dog_Timer_Driver.lss"
Finished building: Watch_Dog_Timer_Driver.lss
 
Create Flash image (ihex format)
avr-objcopy -R .eeprom -R .fuse -R .lock -R .signature -O ihex Watch_Dog_Timer_Driver.elf  "Watch_Dog_Timer_Driver.hex"
Finished building: Watch_Dog_Timer_Driver.hex
 
Invoking: Print Size
avr-size --format=avr --mcu=atmega32 Watch_Dog_Timer_Driver.elf
AVR Memory Usage
----------------
Device: atmega32

Program:    5452 bytes (16.6% Full)
(.text + .data + .bootloader)

Data:          8 bytes (0.4% Full)
(.data + .bss + .noinit)


Finished building: sizedummy
 
16:47:42 **** Incremental Build of configuration Debug for project Watch_Dog_Timer_Driver ****
make all 
Building file: ../main.c
Invoking: AVR Compiler
avr-gcc -Wall -g2 -gstabs -O0 -fpack-struct -fshort-enums -ffunction-sections -fdata-sections -std=gnu99 -funsigned-char -funsigned-bitfields -mmcu=atmega32 -DF_CPU=8000000UL -MMD -MP -MF"main.d" -MT"main.o" -c -o "main.o" "../main.c"
In file included from ../main.c:13:
c:/users/oxygen/desktop/imt embedded/imt tools/sdk/imt_sdk_win_64/winavr/lib/gcc/../../avr/include/util/delay.h:90:3: warning: #warning "Compiler optimizations disabled; functions from <util/delay.h> won't work as designed"
../main.c:21: warning: return type of 'main' is not 'int'
Finished building: ../main.c
 
Building target: Watch_Dog_Timer_Driver.elf
Invoking: AVR C Linker
avr-gcc -Wl,-Map,Watch_Dog_Timer_Driver.map -mmcu=atmega32 -o "Watch_Dog_Timer_Driver.elf"  ./DIO_prog.o ./PORT_prog.o ./WDT_prog.o ./main.o   
Finished building target: Watch_Dog_Timer_Driver.elf
 
Invoking: AVR Create Extended Listing
avr-objdump -h -S Watch_Dog_Timer_Driver.elf  >"Watch_Dog_Timer_Driver.lss"
Finished building: Watch_Dog_Timer_Driver.lss
 
Create Flash image (ihex format)
avr-objcopy -R .eeprom -R .fuse -R .lock -R .signature -O ihex Watch_Dog_Timer_Driver.elf  "Watch_Dog_Timer_Driver.hex"
Finished building: Watch_Dog_Timer_Driver.hex
 
Invoking: Print Size
avr-size --format=avr --mcu=atmega32 Watch_Dog_Timer_Driver.elf
AVR Memory Usage
----------------
Device: atmega32

Program:    5452 bytes (16.6% Full)
(.text + .data + .bootloader)

Data:          8 bytes (0.4% Full)
(.data + .bss + .noinit)


Finished building: sizedummy
 
16:48:18 **** Incremental Build of configuration Debug for project Watch_Dog_Timer_Driver ****
make all 
Building file: ../main.c
Invoking: AVR Compiler
avr-gcc -Wall -g2 -gstabs -O0 -fpack-struct -fshort-enums -ffunction-sections -fdata-sections -std=gnu99 -funsigned-char -funsigned-bitfields -mmcu=atmega32 -DF_CPU=8000000UL -MMD -MP -MF"main.d" -MT"main.o" -c -o "main.o" "../main.c"
In file included from ../main.c:13:
c:/users/oxygen/desktop/imt embedded/imt tools/sdk/imt_sdk_win_64/winavr/lib/gcc/../../avr/include/util/delay.h:90:3: warning: #warning "Compiler optimizations disabled; functions from <util/delay.h> won't work as designed"
../main.c:21: warning: return type of 'main' is not 'int'
Finished building: ../main.c
 
Building target: Watch_Dog_Timer_Driver.elf
Invoking: AVR C Linker
avr-gcc -Wl,-Map,Watch_Dog_Timer_Driver.map -mmcu=atmega32 -o "Watch_Dog_Timer_Driver.elf"  ./DIO_prog.o ./PORT_prog.o ./WDT_prog.o ./main.o   
Finished building target: Watch_Dog_Timer_Driver.elf
 
Invoking: AVR Create Extended Listing
avr-objdump -h -S Watch_Dog_Timer_Driver.elf  >"Watch_Dog_Timer_Driver.lss"
Finished building: Watch_Dog_Timer_Driver.lss
 
Create Flash image (ihex format)
avr-objcopy -R .eeprom -R .fuse -R .lock -R .signature -O ihex Watch_Dog_Timer_Driver.elf  "Watch_Dog_Timer_Driver.hex"
Finished building: Watch_Dog_Timer_Driver.hex
 
Invoking: Print Size
avr-size --format=avr --mcu=atmega32 Watch_Dog_Timer_Driver.elf
AVR Memory Usage
----------------
Device: atmega32

Program:    5452 bytes (16.6% Full)
(.text + .data + .bootloader)

Data:          8 bytes (0.4% Full)
(.data + .bss + .noinit)


Finished building: sizedummy
 
16:49:05 **** Incremental Build of configuration Debug for project Watch_Dog_Timer_Driver ****
make all 
Building file: ../main.c
Invoking: AVR Compiler
avr-gcc -Wall -g2 -gstabs -O0 -fpack-struct -fshort-enums -ffunction-sections -fdata-sections -std=gnu99 -funsigned-char -funsigned-bitfields -mmcu=atmega32 -DF_CPU=8000000UL -MMD -MP -MF"main.d" -MT"main.o" -c -o "main.o" "../main.c"
In file included from ../main.c:13:
c:/users/oxygen/desktop/imt embedded/imt tools/sdk/imt_sdk_win_64/winavr/lib/gcc/../../avr/include/util/delay.h:90:3: warning: #warning "Compiler optimizations disabled; functions from <util/delay.h> won't work as designed"
Finished building: ../main.c
../main.c:21: warning: return type of 'main' is not 'int'
 
Building target: Watch_Dog_Timer_Driver.elf
Invoking: AVR C Linker
avr-gcc -Wl,-Map,Watch_Dog_Timer_Driver.map -mmcu=atmega32 -o "Watch_Dog_Timer_Driver.elf"  ./DIO_prog.o ./PORT_prog.o ./WDT_prog.o ./main.o   
Finished building target: Watch_Dog_Timer_Driver.elf
 
Invoking: AVR Create Extended Listing
avr-objdump -h -S Watch_Dog_Timer_Driver.elf  >"Watch_Dog_Timer_Driver.lss"
Finished building: Watch_Dog_Timer_Driver.lss
 
Create Flash image (ihex format)
avr-objcopy -R .eeprom -R .fuse -R .lock -R .signature -O ihex Watch_Dog_Timer_Driver.elf  "Watch_Dog_Timer_Driver.hex"
Finished building: Watch_Dog_Timer_Driver.hex
 
Invoking: Print Size
avr-size --format=avr --mcu=atmega32 Watch_Dog_Timer_Driver.elf
AVR Memory Usage
----------------
Device: atmega32

Program:    5452 bytes (16.6% Full)
(.text + .data + .bootloader)

Data:          8 bytes (0.4% Full)
(.data + .bss + .noinit)


Finished building: sizedummy
 
16:49:49 **** Incremental Build of configuration Debug for project Watch_Dog_Timer_Driver ****
make all 
Building file: ../main.c
Invoking: AVR Compiler
avr-gcc -Wall -g2 -gstabs -O0 -fpack-struct -fshort-enums -ffunction-sections -fdata-sections -std=gnu99 -funsigned-char -funsigned-bitfields -mmcu=atmega32 -DF_CPU=8000000UL -MMD -MP -MF"main.d" -MT"main.o" -c -o "main.o" "../main.c"
In file included from ../main.c:13:
c:/users/oxygen/desktop/imt embedded/imt tools/sdk/imt_sdk_win_64/winavr/lib/gcc/../../avr/include/util/delay.h:90:3: warning: #warning "Compiler optimizations disabled; functions from <util/delay.h> won't work as designed"
../main.c:21: warning: return type of 'main' is not 'int'
Finished building: ../main.c
 
Building target: Watch_Dog_Timer_Driver.elf
Invoking: AVR C Linker
avr-gcc -Wl,-Map,Watch_Dog_Timer_Driver.map -mmcu=atmega32 -o "Watch_Dog_Timer_Driver.elf"  ./DIO_prog.o ./PORT_prog.o ./WDT_prog.o ./main.o   
Finished building target: Watch_Dog_Timer_Driver.elf
 
Invoking: AVR Create Extended Listing
avr-objdump -h -S Watch_Dog_Timer_Driver.elf  >"Watch_Dog_Timer_Driver.lss"
Finished building: Watch_Dog_Timer_Driver.lss
 
Create Flash image (ihex format)
avr-objcopy -R .eeprom -R .fuse -R .lock -R .signature -O ihex Watch_Dog_Timer_Driver.elf  "Watch_Dog_Timer_Driver.hex"
Finished building: Watch_Dog_Timer_Driver.hex
 
Invoking: Print Size
avr-size --format=avr --mcu=atmega32 Watch_Dog_Timer_Driver.elf
AVR Memory Usage
----------------
Device: atmega32

Program:    5456 bytes (16.7% Full)
(.text + .data + .bootloader)

Data:          8 bytes (0.4% Full)
(.data + .bss + .noinit)


Finished building: sizedummy
 
