07:19:18 **** Incremental Build of configuration Debug for project ICU ****
make all 
Building file: ../CLCD_prog.c
Invoking: AVR Compiler
avr-gcc -Wall -g2 -gstabs -O0 -fpack-struct -fshort-enums -ffunction-sections -fdata-sections -std=gnu99 -funsigned-char -funsigned-bitfields -mmcu=atmega32 -DF_CPU=8000000UL -MMD -MP -MF"CLCD_prog.d" -MT"CLCD_prog.o" -c -o "CLCD_prog.o" "../CLCD_prog.c"
In file included from ../CLCD_prog.c:2:
c:/users/oxygen/desktop/imt embedded/imt tools/sdk/imt_sdk_win_64/winavr/lib/gcc/../../avr/include/util/delay.h:90:3: warning: #warning "Compiler optimizations disabled; functions from <util/delay.h> won't work as designed"
Finished building: ../CLCD_prog.c
 
Building file: ../DIO_prog.c
Invoking: AVR Compiler
avr-gcc -Wall -g2 -gstabs -O0 -fpack-struct -fshort-enums -ffunction-sections -fdata-sections -std=gnu99 -funsigned-char -funsigned-bitfields -mmcu=atmega32 -DF_CPU=8000000UL -MMD -MP -MF"DIO_prog.d" -MT"DIO_prog.o" -c -o "DIO_prog.o" "../DIO_prog.c"
Finished building: ../DIO_prog.c
 
Building file: ../EXTI_prog.c
Invoking: AVR Compiler
avr-gcc -Wall -g2 -gstabs -O0 -fpack-struct -fshort-enums -ffunction-sections -fdata-sections -std=gnu99 -funsigned-char -funsigned-bitfields -mmcu=atmega32 -DF_CPU=8000000UL -MMD -MP -MF"EXTI_prog.d" -MT"EXTI_prog.o" -c -o "EXTI_prog.o" "../EXTI_prog.c"
Finished building: ../EXTI_prog.c
 
Building file: ../GIE_prog.c
Invoking: AVR Compiler
avr-gcc -Wall -g2 -gstabs -O0 -fpack-struct -fshort-enums -ffunction-sections -fdata-sections -std=gnu99 -funsigned-char -funsigned-bitfields -mmcu=atmega32 -DF_CPU=8000000UL -MMD -MP -MF"GIE_prog.d" -MT"GIE_prog.o" -c -o "GIE_prog.o" "../GIE_prog.c"
Finished building: ../GIE_prog.c
 
Building file: ../PORT_prog.c
Invoking: AVR Compiler
avr-gcc -Wall -g2 -gstabs -O0 -fpack-struct -fshort-enums -ffunction-sections -fdata-sections -std=gnu99 -funsigned-char -funsigned-bitfields -mmcu=atmega32 -DF_CPU=8000000UL -MMD -MP -MF"PORT_prog.d" -MT"PORT_prog.o" -c -o "PORT_prog.o" "../PORT_prog.c"
Finished building: ../PORT_prog.c
 
Building file: ../Timer_prog.c
Invoking: AVR Compiler
avr-gcc -Wall -g2 -gstabs -O0 -fpack-struct -fshort-enums -ffunction-sections -fdata-sections -std=gnu99 -funsigned-char -funsigned-bitfields -mmcu=atmega32 -DF_CPU=8000000UL -MMD -MP -MF"Timer_prog.d" -MT"Timer_prog.o" -c -o "Timer_prog.o" "../Timer_prog.c"
Finished building: ../Timer_prog.c
 
Building file: ../main.c
Invoking: AVR Compiler
avr-gcc -Wall -g2 -gstabs -O0 -fpack-struct -fshort-enums -ffunction-sections -fdata-sections -std=gnu99 -funsigned-char -funsigned-bitfields -mmcu=atmega32 -DF_CPU=8000000UL -MMD -MP -MF"main.d" -MT"main.o" -c -o "main.o" "../main.c"
../main.c:26: warning: return type of 'main' is not 'int'
Finished building: ../main.c
 
Building target: ICU.elf
Invoking: AVR C Linker
avr-gcc -Wl,-Map,ICU.map -mmcu=atmega32 -o "ICU.elf"  ./CLCD_prog.o ./DIO_prog.o ./EXTI_prog.o ./GIE_prog.o ./PORT_prog.o ./Timer_prog.o ./main.o   
Finished building target: ICU.elf
 
Invoking: AVR Create Extended Listing
avr-objdump -h -S ICU.elf  >"ICU.lss"
Finished building: ICU.lss
 
Create Flash image (ihex format)
avr-objcopy -R .eeprom -R .fuse -R .lock -R .signature -O ihex ICU.elf  "ICU.hex"
Finished building: ICU.hex
 
Invoking: Print Size
avr-size --format=avr --mcu=atmega32 ICU.elf
AVR Memory Usage
----------------
Device: atmega32

Program:   11656 bytes (35.6% Full)
(.text + .data + .bootloader)

Data:         69 bytes (3.4% Full)
(.data + .bss + .noinit)


Finished building: sizedummy
 

07:19:27 Build Finished (took 9s.228ms)

