09:03:56 **** Incremental Build of configuration Debug for project ICU_HW ****
make all 
Building file: ../main.c
Invoking: AVR Compiler
avr-gcc -Wall -g2 -gstabs -O0 -fpack-struct -fshort-enums -ffunction-sections -fdata-sections -std=gnu99 -funsigned-char -funsigned-bitfields -mmcu=atmega32 -DF_CPU=16000000UL -MMD -MP -MF"main.d" -MT"main.o" -c -o "main.o" "../main.c"
../main.c:26: warning: return type of 'main' is not 'int'
Finished building: ../main.c
 
Building target: ICU_HW.elf
Invoking: AVR C Linker
avr-gcc -Wl,-Map,ICU_HW.map -mmcu=atmega32 -o "ICU_HW.elf"  ./CLCD_prog.o ./DIO_prog.o ./GIE_prog.o ./PORT_prog.o ./Timer_prog.o ./main.o   
Finished building target: ICU_HW.elf
 
Invoking: AVR Create Extended Listing
avr-objdump -h -S ICU_HW.elf  >"ICU_HW.lss"
Finished building: ICU_HW.lss
 
Create Flash image (ihex format)
avr-objcopy -R .eeprom -R .fuse -R .lock -R .signature -O ihex ICU_HW.elf  "ICU_HW.hex"
Finished building: ICU_HW.hex
 
Invoking: Print Size
avr-size --format=avr --mcu=atmega32 ICU_HW.elf
AVR Memory Usage
----------------
Device: atmega32

Program:   10658 bytes (32.5% Full)
(.text + .data + .bootloader)

Data:         65 bytes (3.2% Full)
(.data + .bss + .noinit)


Finished building: sizedummy
 

09:03:59 Build Finished (took 3s.60ms)

