11:50:00 **** Build of configuration Debug for project ISR ****
make all 
Building file: ../PORT_prog.c
Invoking: AVR Compiler
avr-gcc -Wall -g2 -gstabs -O0 -fpack-struct -fshort-enums -ffunction-sections -fdata-sections -std=gnu99 -funsigned-char -funsigned-bitfields -mmcu=atmega32 -DF_CPU=8000000UL -MMD -MP -MF"PORT_prog.d" -MT"PORT_prog.o" -c -o "PORT_prog.o" "../PORT_prog.c"
Finished building: ../PORT_prog.c
 
Building target: ISR.elf
Invoking: AVR C Linker
avr-gcc -Wl,-Map,ISR.map -mmcu=atmega32 -o "ISR.elf"  ./DIO_prog.o ./PORT_prog.o ./main.o   
Finished building target: ISR.elf
 
Invoking: AVR Create Extended Listing
avr-objdump -h -S ISR.elf  >"ISR.lss"
Finished building: ISR.lss
 
Create Flash image (ihex format)
avr-objcopy -R .eeprom -R .fuse -R .lock -R .signature -O ihex ISR.elf  "ISR.hex"
Finished building: ISR.hex
 
Invoking: Print Size
avr-size --format=avr --mcu=atmega32 ISR.elf
AVR Memory Usage
----------------
Device: atmega32

Program:    2158 bytes (6.6% Full)
(.text + .data + .bootloader)

Data:          0 bytes (0.0% Full)
(.data + .bss + .noinit)


Finished building: sizedummy
 

11:50:03 Build Finished (took 2s.34ms)

