08:45:11 **** Incremental Build of configuration Debug for project KPD_calcuator ****
make all 
Building file: ../CLCD_prog.c
Invoking: AVR Compiler
avr-gcc -Wall -g2 -gstabs -O0 -fpack-struct -fshort-enums -ffunction-sections -fdata-sections -std=gnu99 -funsigned-char -funsigned-bitfields -mmcu=atmega32 -DF_CPU=8000000UL -MMD -MP -MF"CLCD_prog.d" -MT"CLCD_prog.o" -c -o "CLCD_prog.o" "../CLCD_prog.c"
In file included from ../CLCD_prog.c:4:
c:/users/oxygen/desktop/imt embedded/imt tools/sdk/imt_sdk_win_64/winavr/lib/gcc/../../avr/include/util/delay.h:90:3: warning: #warning "Compiler optimizations disabled; functions from <util/delay.h> won't work as designed"
In file included from ../CLCD_prog.c:6:
../Err_Type.h:4:1: warning: "NULL" redefined
In file included from c:/users/oxygen/desktop/imt embedded/imt tools/sdk/imt_sdk_win_64/winavr/lib/gcc/../../avr/include/stdio.h:49,
                 from ../CLCD_prog.c:3:
c:\users\oxygen\desktop\imt embedded\imt tools\sdk\imt_sdk_win_64\winavr\bin\../lib/gcc/avr/4.3.3/include/stddef.h:403:1: warning: this is the location of the previous definition
Finished building: ../CLCD_prog.c
 
Building target: KPD_calcuator.elf
Invoking: AVR C Linker
avr-gcc -Wl,-Map,KPD_calcuator.map -mmcu=atmega32 -o "KPD_calcuator.elf"  ./CLCD_prog.o ./DIO_prog.o ./KPD_prog.o ./PORT_prog.o ./main.o   
Finished building target: KPD_calcuator.elf
 
Invoking: AVR Create Extended Listing
avr-objdump -h -S KPD_calcuator.elf  >"KPD_calcuator.lss"
Finished building: KPD_calcuator.lss
 
Create Flash image (ihex format)
avr-objcopy -R .eeprom -R .fuse -R .lock -R .signature -O ihex KPD_calcuator.elf  "KPD_calcuator.hex"
Finished building: KPD_calcuator.hex
 
Invoking: Print Size
avr-size --format=avr --mcu=atmega32 KPD_calcuator.elf
AVR Memory Usage
----------------
Device: atmega32

Program:    6972 bytes (21.3% Full)
(.text + .data + .bootloader)

Data:         32 bytes (1.6% Full)
(.data + .bss + .noinit)


Finished building: sizedummy
 

08:45:14 Build Finished (took 2s.510ms)

