15:47:28 **** Incremental Build of configuration Debug for project LDR ****
make all 
Building file: ../PORT_prog.c
Invoking: AVR Compiler
avr-gcc -Wall -g2 -gstabs -O0 -fpack-struct -fshort-enums -ffunction-sections -fdata-sections -std=gnu99 -funsigned-char -funsigned-bitfields -mmcu=atmega32 -DF_CPU=8000000UL -MMD -MP -MF"PORT_prog.d" -MT"PORT_prog.o" -c -o "PORT_prog.o" "../PORT_prog.c"
Finished building: ../PORT_prog.c
 
Building target: LDR.elf
Invoking: AVR C Linker
avr-gcc -Wl,-Map,LDR.map -mmcu=atmega32 -o "LDR.elf"  ./ADC_prog.o ./CLCD_prog.o ./DIO_prog.o ./LDR_prog.o ./PORT_prog.o ./main.o   
Finished building target: LDR.elf
 
Invoking: AVR Create Extended Listing
avr-objdump -h -S LDR.elf  >"LDR.lss"
Finished building: LDR.lss
 
Invoking: Print Size
avr-size --format=avr --mcu=atmega32 LDR.elf
AVR Memory Usage
----------------
Device: atmega32

Program:   10272 bytes (31.3% Full)
(.text + .data + .bootloader)

Data:         60 bytes (2.9% Full)
(.data + .bss + .noinit)


Finished building: sizedummy
 

15:47:31 Build Finished (took 2s.816ms)

