22:36:21 **** Incremental Build of configuration Debug for project LDR2 ****
make all 
Building file: ../main.c
Invoking: AVR Compiler
avr-gcc -Wall -g2 -gstabs -O0 -fpack-struct -fshort-enums -ffunction-sections -fdata-sections -std=gnu99 -funsigned-char -funsigned-bitfields -mmcu=atmega32 -DF_CPU=8000000UL -MMD -MP -MF"main.d" -MT"main.o" -c -o "main.o" "../main.c"
In file included from ../main.c:11:
c:/users/oxygen/desktop/imt embedded/imt tools/sdk/imt_sdk_win_64/winavr/lib/gcc/../../avr/include/util/delay.h:90:3: warning: #warning "Compiler optimizations disabled; functions from <util/delay.h> won't work as designed"
../main.c:20: warning: return type of 'main' is not 'int'
Finished building: ../main.c
 
Building target: LDR2.elf
Invoking: AVR C Linker
avr-gcc -Wl,-Map,LDR2.map -mmcu=atmega32 -o "LDR2.elf"  ./ADC_prog.o ./CLCD_prog.o ./DIO_prog.o ./LDR_prog.o ./Map.o ./PORT_prog.o ./main.o   
Finished building target: LDR2.elf
 
Invoking: AVR Create Extended Listing
avr-objdump -h -S LDR2.elf  >"LDR2.lss"
Finished building: LDR2.lss
 
Create Flash image (ihex format)
avr-objcopy -R .eeprom -R .fuse -R .lock -R .signature -O ihex LDR2.elf  "LDR2.hex"
Finished building: LDR2.hex
 
Invoking: Print Size
avr-size --format=avr --mcu=atmega32 LDR2.elf
AVR Memory Usage
----------------
Device: atmega32

Program:   11188 bytes (34.1% Full)
(.text + .data + .bootloader)

Data:         86 bytes (4.2% Full)
(.data + .bss + .noinit)


Finished building: sizedummy
 

22:36:23 Build Finished (took 1s.960ms)

