16:02:17 **** Incremental Build of configuration Debug for project LED ****
make all 
Building file: ../main.c
Invoking: AVR Compiler
avr-gcc -Wall -g2 -gstabs -O0 -fpack-struct -fshort-enums -ffunction-sections -fdata-sections -std=gnu99 -funsigned-char -funsigned-bitfields -mmcu=atmega32 -DF_CPU=8000000UL -MMD -MP -MF"main.d" -MT"main.o" -c -o "main.o" "../main.c"
In file included from ../main.c:8:
c:/users/oxygen/desktop/imt embedded/imt tools/sdk/imt_sdk_win_64/winavr/lib/gcc/../../avr/include/util/delay.h:90:3: warning: #warning "Compiler optimizations disabled; functions from <util/delay.h> won't work as designed"
Finished building: ../main.c
 
Building target: LED.elf
Invoking: AVR C Linker
avr-gcc -Wl,-Map,LED.map -mmcu=atmega32 -o "LED.elf"  ./main.o   
Finished building target: LED.elf
 
Invoking: AVR Create Extended Listing
avr-objdump -h -S LED.elf  >"LED.lss"
Finished building: LED.lss
 
Create Flash image (ihex format)
avr-objcopy -R .eeprom -R .fuse -R .lock -R .signature -O ihex LED.elf  "LED.hex"
Finished building: LED.hex
 
Invoking: Print Size
avr-size --format=avr --mcu=atmega32 LED.elf
AVR Memory Usage
----------------
Device: atmega32

Program:    3506 bytes (10.7% Full)
(.text + .data + .bootloader)

Data:          8 bytes (0.4% Full)
(.data + .bss + .noinit)


Finished building: sizedummy
 

16:02:19 Build Finished (took 2s.89ms)

