01:18:58 **** Incremental Build of configuration Debug for project LED_DRIVER ****
make all 
Building file: ../main.c
Invoking: AVR Compiler
avr-gcc -Wall -g2 -gstabs -O0 -fpack-struct -fshort-enums -ffunction-sections -fdata-sections -std=gnu99 -funsigned-char -funsigned-bitfields -mmcu=atmega32 -DF_CPU=8000000UL -MMD -MP -MF"main.d" -MT"main.o" -c -o "main.o" "../main.c"
In file included from ../main.c:12:
c:/users/oxygen/desktop/imt embedded/imt tools/sdk/imt_sdk_win_64/winavr/lib/gcc/../../avr/include/util/delay.h:90:3: warning: #warning "Compiler optimizations disabled; functions from <util/delay.h> won't work as designed"
../main.c:17: warning: return type of 'main' is not 'int'
../main.c: In function 'main':
../main.c:28: warning: unused variable 'counter'
../main.c:21: warning: unused variable 'LED3'
../main.c:19: warning: unused variable 'LED1'
Finished building: ../main.c
 
Building target: LED_DRIVER.elf
Invoking: AVR C Linker
avr-gcc -Wl,-Map,LED_DRIVER.map -mmcu=atmega32 -o "LED_DRIVER.elf"  ./DIO_prog.o ./LED_prog.o ./main.o   
Finished building target: LED_DRIVER.elf
 
Invoking: AVR Create Extended Listing
avr-objdump -h -S LED_DRIVER.elf  >"LED_DRIVER.lss"
Finished building: LED_DRIVER.lss
 
Create Flash image (ihex format)
avr-objcopy -R .eeprom -R .fuse -R .lock -R .signature -O ihex LED_DRIVER.elf  "LED_DRIVER.hex"
Finished building: LED_DRIVER.hex
 
Invoking: Print Size
avr-size --format=avr --mcu=atmega32 LED_DRIVER.elf
AVR Memory Usage
----------------
Device: atmega32

Program:    5748 bytes (17.5% Full)
(.text + .data + .bootloader)

Data:         18 bytes (0.9% Full)
(.data + .bss + .noinit)


Finished building: sizedummy
 

01:19:01 Build Finished (took 2s.483ms)

