01:06:20 **** Incremental Build of configuration Debug for project LM ****
make all 
Building file: ../main.c
Invoking: AVR Compiler
avr-gcc -Wall -g2 -gstabs -O0 -fpack-struct -fshort-enums -ffunction-sections -fdata-sections -std=gnu99 -funsigned-char -funsigned-bitfields -mmcu=atmega32 -DF_CPU=8000000UL -MMD -MP -MF"main.d" -MT"main.o" -c -o "main.o" "../main.c"
../main.c:25: warning: return type of 'main' is not 'int'
../main.c: In function 'main':
../main.c:31: warning: unused variable 'Local_u16Digital'
Finished building: ../main.c
 
Building target: LM.elf
Invoking: AVR C Linker
avr-gcc -Wl,-Map,LM.map -mmcu=atmega32 -o "LM.elf"  ./ADC_prog.o ./CLCD_prog.o ./DIO_prog.o ./LM35_prog.o ./PORT_prog.o ./main.o   
Finished building target: LM.elf
 
Invoking: AVR Create Extended Listing
avr-objdump -h -S LM.elf  >"LM.lss"
Finished building: LM.lss
 
Create Flash image (ihex format)
avr-objcopy -R .eeprom -R .fuse -R .lock -R .signature -O ihex LM.elf  "LM.hex"
Finished building: LM.hex
 
Invoking: Print Size
avr-size --format=avr --mcu=atmega32 LM.elf
AVR Memory Usage
----------------
Device: atmega32

Program:   10236 bytes (31.2% Full)
(.text + .data + .bootloader)

Data:         64 bytes (3.1% Full)
(.data + .bss + .noinit)


Finished building: sizedummy
 

01:06:23 Build Finished (took 2s.86ms)

