01:03:23 **** Incremental Build of configuration Debug for project LM35 ****
make all 
Building file: ../main.c
Invoking: AVR Compiler
avr-gcc -Wall -g2 -gstabs -O0 -fpack-struct -fshort-enums -ffunction-sections -fdata-sections -std=gnu99 -funsigned-char -funsigned-bitfields -mmcu=atmega32 -DF_CPU=8000000UL -MMD -MP -MF"main.d" -MT"main.o" -c -o "main.o" "../main.c"
../main.c:17: warning: return type of 'main' is not 'int'
Finished building: ../main.c
 
Building target: LM35.elf
Invoking: AVR C Linker
avr-gcc -Wl,-Map,LM35.map -mmcu=atmega32 -o "LM35.elf"  ./ADC_prog.o ./CLCD_prog.o ./DIO_prog.o ./LM35_prog.o ./PORT_prog.o ./main.o   
Finished building target: LM35.elf
 
Invoking: AVR Create Extended Listing
avr-objdump -h -S LM35.elf  >"LM35.lss"
Finished building: LM35.lss
 
Invoking: Print Size
avr-size --format=avr --mcu=atmega32 LM35.elf
AVR Memory Usage
----------------
Device: atmega32

Program:   10170 bytes (31.0% Full)
(.text + .data + .bootloader)

Data:         74 bytes (3.6% Full)
(.data + .bss + .noinit)


Finished building: sizedummy
 

01:03:25 Build Finished (took 2s.325ms)

