12:34:59 **** Incremental Build of configuration Debug for project LM_35 ****
make all 
Building file: ../LM35_prog.c
Invoking: AVR Compiler
avr-gcc -Wall -g2 -gstabs -O0 -fpack-struct -fshort-enums -ffunction-sections -fdata-sections -std=gnu99 -funsigned-char -funsigned-bitfields -mmcu=atmega32 -DF_CPU=8000000UL -MMD -MP -MF"LM35_prog.d" -MT"LM35_prog.o" -c -o "LM35_prog.o" "../LM35_prog.c"
../LM35_prog.c: In function 'LM35_u8GetTemp':
../LM35_prog.c:30: warning: unused variable 'Local_u16Analog'
Finished building: ../LM35_prog.c
 
Building file: ../main.c
Invoking: AVR Compiler
avr-gcc -Wall -g2 -gstabs -O0 -fpack-struct -fshort-enums -ffunction-sections -fdata-sections -std=gnu99 -funsigned-char -funsigned-bitfields -mmcu=atmega32 -DF_CPU=8000000UL -MMD -MP -MF"main.d" -MT"main.o" -c -o "main.o" "../main.c"
../main.c:26: warning: return type of 'main' is not 'int'
Finished building: ../main.c
 
Building target: LM_35.elf
Invoking: AVR C Linker
avr-gcc -Wl,-Map,LM_35.map -mmcu=atmega32 -o "LM_35.elf"  ./ADC_prog.o ./CLCD_prog.o ./DIO_prog.o ./LM35_prog.o ./Map.o ./PORT_prog.o ./main.o   
Finished building target: LM_35.elf
 
Invoking: AVR Create Extended Listing
avr-objdump -h -S LM_35.elf  >"LM_35.lss"
Finished building: LM_35.lss
 
Create Flash image (ihex format)
avr-objcopy -R .eeprom -R .fuse -R .lock -R .signature -O ihex LM_35.elf  "LM_35.hex"
Finished building: LM_35.hex
 
Invoking: Print Size
avr-size --format=avr --mcu=atmega32 LM_35.elf
AVR Memory Usage
----------------
Device: atmega32

Program:   10550 bytes (32.2% Full)
(.text + .data + .bootloader)

Data:         66 bytes (3.2% Full)
(.data + .bss + .noinit)


Finished building: sizedummy
 

12:35:00 Build Finished (took 1s.805ms)

