04:16:14 **** Incremental Build of configuration Debug for project Logic_Analysers ****
make all 
Building file: ../DIO_prog.c
Invoking: AVR Compiler
avr-gcc -Wall -g2 -gstabs -O0 -fpack-struct -fshort-enums -ffunction-sections -fdata-sections -std=gnu99 -funsigned-char -funsigned-bitfields -mmcu=atmega32 -DF_CPU=8000000UL -MMD -MP -MF"DIO_prog.d" -MT"DIO_prog.o" -c -o "DIO_prog.o" "../DIO_prog.c"
Finished building: ../DIO_prog.c
 
Building file: ../GIE_prog.c
Invoking: AVR Compiler
avr-gcc -Wall -g2 -gstabs -O0 -fpack-struct -fshort-enums -ffunction-sections -fdata-sections -std=gnu99 -funsigned-char -funsigned-bitfields -mmcu=atmega32 -DF_CPU=8000000UL -MMD -MP -MF"GIE_prog.d" -MT"GIE_prog.o" -c -o "GIE_prog.o" "../GIE_prog.c"
Finished building: ../GIE_prog.c
 
Building file: ../LED_prog.c
Invoking: AVR Compiler
avr-gcc -Wall -g2 -gstabs -O0 -fpack-struct -fshort-enums -ffunction-sections -fdata-sections -std=gnu99 -funsigned-char -funsigned-bitfields -mmcu=atmega32 -DF_CPU=8000000UL -MMD -MP -MF"LED_prog.d" -MT"LED_prog.o" -c -o "LED_prog.o" "../LED_prog.c"
In file included from ../LED_prog.c:4:
c:/users/oxygen/desktop/imt embedded/imt tools/sdk/imt_sdk_win_64/winavr/lib/gcc/../../avr/include/util/delay.h:90:3: warning: #warning "Compiler optimizations disabled; functions from <util/delay.h> won't work as designed"
Finished building: ../LED_prog.c
 
Building file: ../PORT_prog.c
Invoking: AVR Compiler
avr-gcc -Wall -g2 -gstabs -O0 -fpack-struct -fshort-enums -ffunction-sections -fdata-sections -std=gnu99 -funsigned-char -funsigned-bitfields -mmcu=atmega32 -DF_CPU=8000000UL -MMD -MP -MF"PORT_prog.d" -MT"PORT_prog.o" -c -o "PORT_prog.o" "../PORT_prog.c"
Finished building: ../PORT_prog.c
 
Building file: ../Timer_prog.c
Invoking: AVR Compiler
avr-gcc -Wall -g2 -gstabs -O0 -fpack-struct -fshort-enums -ffunction-sections -fdata-sections -std=gnu99 -funsigned-char -funsigned-bitfields -mmcu=atmega32 -DF_CPU=8000000UL -MMD -MP -MF"Timer_prog.d" -MT"Timer_prog.o" -c -o "Timer_prog.o" "../Timer_prog.c"
Finished building: ../Timer_prog.c
 
Building file: ../main.c
Invoking: AVR Compiler
avr-gcc -Wall -g2 -gstabs -O0 -fpack-struct -fshort-enums -ffunction-sections -fdata-sections -std=gnu99 -funsigned-char -funsigned-bitfields -mmcu=atmega32 -DF_CPU=8000000UL -MMD -MP -MF"main.d" -MT"main.o" -c -o "main.o" "../main.c"
In file included from ../main.c:21:
c:/users/oxygen/desktop/imt embedded/imt tools/sdk/imt_sdk_win_64/winavr/lib/gcc/../../avr/include/util/delay.h:90:3: warning: #warning "Compiler optimizations disabled; functions from <util/delay.h> won't work as designed"
../main.c:57: warning: return type of 'main' is not 'int'
Finished building: ../main.c
 
Building target: Logic_Analysers.elf
Invoking: AVR C Linker
avr-gcc -Wl,-Map,Logic_Analysers.map -mmcu=atmega32 -o "Logic_Analysers.elf"  ./DIO_prog.o ./GIE_prog.o ./LED_prog.o ./PORT_prog.o ./Timer_prog.o ./main.o   
Finished building target: Logic_Analysers.elf
 
Invoking: AVR Create Extended Listing
avr-objdump -h -S Logic_Analysers.elf  >"Logic_Analysers.lss"
Finished building: Logic_Analysers.lss
 
Create Flash image (ihex format)
avr-objcopy -R .eeprom -R .fuse -R .lock -R .signature -O ihex Logic_Analysers.elf  "Logic_Analysers.hex"
Finished building: Logic_Analysers.hex
 
Invoking: Print Size
avr-size --format=avr --mcu=atmega32 Logic_Analysers.elf
AVR Memory Usage
----------------
Device: atmega32

Program:    3220 bytes (9.8% Full)
(.text + .data + .bootloader)

Data:         14 bytes (0.7% Full)
(.data + .bss + .noinit)


Finished building: sizedummy
 

04:16:37 Build Finished (took 23s.145ms)

