15:59:22 **** Build of configuration Debug for project Motor_Dashboard ****
make all 
Building file: ../Stepper_prog.c
Invoking: AVR Compiler
avr-gcc -Wall -g2 -gstabs -O0 -fpack-struct -fshort-enums -ffunction-sections -fdata-sections -std=gnu99 -funsigned-char -funsigned-bitfields -mmcu=atmega32 -DF_CPU=8000000UL -MMD -MP -MF"Stepper_prog.d" -MT"Stepper_prog.o" -c -o "Stepper_prog.o" "../Stepper_prog.c"
In file included from ../Stepper_prog.c:4:
c:/users/oxygen/desktop/imt embedded/imt tools/sdk/imt_sdk_win_64/winavr/lib/gcc/../../avr/include/util/delay.h:90:3: warning: #warning "Compiler optimizations disabled; functions from <util/delay.h> won't work as designed"
Finished building: ../Stepper_prog.c
 
Building target: Motor_Dashboard.elf
Invoking: AVR C Linker
avr-gcc -Wl,-Map,Motor_Dashboard.map -mmcu=atmega32 -o "Motor_Dashboard.elf"  ./CLCD_prog.o ./DC_prog.o ./DIO_prog.o ./KPD_prog.o ./PORT_prog.o ./Stepper_prog.o ./main.o   
Finished building target: Motor_Dashboard.elf
 
Invoking: AVR Create Extended Listing
avr-objdump -h -S Motor_Dashboard.elf  >"Motor_Dashboard.lss"
Finished building: Motor_Dashboard.lss
 
Create Flash image (ihex format)
avr-objcopy -R .eeprom -R .fuse -R .lock -R .signature -O ihex Motor_Dashboard.elf  "Motor_Dashboard.hex"
Finished building: Motor_Dashboard.hex
 
Invoking: Print Size
avr-size --format=avr --mcu=atmega32 Motor_Dashboard.elf
AVR Memory Usage
----------------
Device: atmega32

Program:   15064 bytes (46.0% Full)
(.text + .data + .bootloader)

Data:        192 bytes (9.4% Full)
(.data + .bss + .noinit)


Finished building: sizedummy
 

15:59:27 Build Finished (took 5s.209ms)

