00:34:35 **** Incremental Build of configuration Debug for project New_KPD ****
make all 
Building file: ../main.c
Invoking: AVR Compiler
avr-gcc -Wall -g2 -gstabs -O0 -fpack-struct -fshort-enums -ffunction-sections -fdata-sections -std=gnu99 -funsigned-char -funsigned-bitfields -mmcu=atmega32 -DF_CPU=8000000UL -MMD -MP -MF"main.d" -MT"main.o" -c -o "main.o" "../main.c"
In file included from ../main.c:12:
c:/users/oxygen/desktop/imt embedded/imt tools/sdk/imt_sdk_win_64/winavr/lib/gcc/../../avr/include/util/delay.h:90:3: warning: #warning "Compiler optimizations disabled; functions from <util/delay.h> won't work as designed"
../main.c:20: warning: return type of 'main' is not 'int'
Finished building: ../main.c
 
Building target: New_KPD.elf
Invoking: AVR C Linker
avr-gcc -Wl,-Map,New_KPD.map -mmcu=atmega32 -o "New_KPD.elf"  ./CLCD_prog.o ./DIO_prog.o ./KPD_prog.o ./PORT_prog.o ./main.o   
Finished building target: New_KPD.elf
 
Invoking: AVR Create Extended Listing
avr-objdump -h -S New_KPD.elf  >"New_KPD.lss"
Finished building: New_KPD.lss
 
Create Flash image (ihex format)
avr-objcopy -R .eeprom -R .fuse -R .lock -R .signature -O ihex New_KPD.elf  "New_KPD.hex"
Finished building: New_KPD.hex
 
Invoking: Print Size
avr-size --format=avr --mcu=atmega32 New_KPD.elf
AVR Memory Usage
----------------
Device: atmega32

Program:    8178 bytes (25.0% Full)
(.text + .data + .bootloader)

Data:        108 bytes (5.3% Full)
(.data + .bss + .noinit)


Finished building: sizedummy
 

00:34:58 Build Finished (took 23s.63ms)

