22:56:27 **** Incremental Build of configuration Debug for project New_DIO ****
make all 
Building file: ../DIO_prog.c
Invoking: AVR Compiler
avr-gcc -Wall -g2 -gstabs -O0 -fpack-struct -fshort-enums -ffunction-sections -fdata-sections -std=gnu99 -funsigned-char -funsigned-bitfields -mmcu=atmega32 -DF_CPU=8000000UL -MMD -MP -MF"DIO_prog.d" -MT"DIO_prog.o" -c -o "DIO_prog.o" "../DIO_prog.c"
Finished building: ../DIO_prog.c
 
Building target: New_DIO.elf
Invoking: AVR C Linker
avr-gcc -Wl,-Map,New_DIO.map -mmcu=atmega32 -o "New_DIO.elf"  ./DIO_prog.o ./main.o   
Finished building target: New_DIO.elf
 
Invoking: AVR Create Extended Listing
avr-objdump -h -S New_DIO.elf  >"New_DIO.lss"
Finished building: New_DIO.lss
 
Create Flash image (ihex format)
avr-objcopy -R .eeprom -R .fuse -R .lock -R .signature -O ihex New_DIO.elf  "New_DIO.hex"
Finished building: New_DIO.hex
 
Invoking: Print Size
avr-size --format=avr --mcu=atmega32 New_DIO.elf
AVR Memory Usage
----------------
Device: atmega32

Program:    1892 bytes (5.8% Full)
(.text + .data + .bootloader)

Data:          0 bytes (0.0% Full)
(.data + .bss + .noinit)


Finished building: sizedummy
 

22:56:28 Build Finished (took 1s.380ms)

