15:53:37 **** Incremental Build of configuration Debug for project push_button ****
make all 
Building file: ../main.c
Invoking: AVR Compiler
avr-gcc -Wall -g2 -gstabs -O0 -fpack-struct -fshort-enums -ffunction-sections -fdata-sections -std=gnu99 -funsigned-char -funsigned-bitfields -mmcu=atmega32 -DF_CPU=8000000UL -MMD -MP -MF"main.d" -MT"main.o" -c -o "main.o" "../main.c"
In file included from ../main.c:9:
c:/users/oxygen/desktop/imt embedded/imt tools/sdk/imt_sdk_win_64/winavr/lib/gcc/../../avr/include/util/delay.h:90:3: warning: #warning "Compiler optimizations disabled; functions from <util/delay.h> won't work as designed"
Finished building: ../main.c
 
Building target: push_button.elf
Invoking: AVR C Linker
avr-gcc -Wl,-Map,push_button.map -mmcu=atmega32 -o "push_button.elf"  ./main.o   
Finished building target: push_button.elf
 
Invoking: AVR Create Extended Listing
avr-objdump -h -S push_button.elf  >"push_button.lss"
Finished building: push_button.lss
 
Create Flash image (ihex format)
avr-objcopy -R .eeprom -R .fuse -R .lock -R .signature -O ihex push_button.elf  "push_button.hex"
Finished building: push_button.hex
 
Invoking: Print Size
avr-size --format=avr --mcu=atmega32 push_button.elf
AVR Memory Usage
----------------
Device: atmega32

Program:     248 bytes (0.8% Full)
(.text + .data + .bootloader)

Data:          0 bytes (0.0% Full)
(.data + .bss + .noinit)


Finished building: sizedummy
 

15:53:39 Build Finished (took 2s.528ms)

