05:32:34 **** Incremental Build of configuration Debug for project PWM_ass ****
make all 
Building file: ../PORT_prog.c
Invoking: AVR Compiler
avr-gcc -Wall -g2 -gstabs -O0 -fpack-struct -fshort-enums -ffunction-sections -fdata-sections -std=gnu99 -funsigned-char -funsigned-bitfields -mmcu=atmega32 -DF_CPU=8000000UL -MMD -MP -MF"PORT_prog.d" -MT"PORT_prog.o" -c -o "PORT_prog.o" "../PORT_prog.c"
Finished building: ../PORT_prog.c
 
Building target: PWM_ass.elf
Invoking: AVR C Linker
avr-gcc -Wl,-Map,PWM_ass.map -mmcu=atmega32 -o "PWM_ass.elf"  ./ADC_prog.o ./DIO_prog.o ./PORT_prog.o ./Timer_prog.o ./main.o   
Finished building target: PWM_ass.elf
 
Invoking: AVR Create Extended Listing
avr-objdump -h -S PWM_ass.elf  >"PWM_ass.lss"
Finished building: PWM_ass.lss
 
Create Flash image (ihex format)
avr-objcopy -R .eeprom -R .fuse -R .lock -R .signature -O ihex PWM_ass.elf  "PWM_ass.hex"
Finished building: PWM_ass.hex
 
Invoking: Print Size
avr-size --format=avr --mcu=atmega32 PWM_ass.elf
AVR Memory Usage
----------------
Device: atmega32

Program:    3444 bytes (10.5% Full)
(.text + .data + .bootloader)

Data:          9 bytes (0.4% Full)
(.data + .bss + .noinit)


Finished building: sizedummy
 

05:32:38 Build Finished (took 3s.795ms)

