14:25:46 **** Incremental Build of configuration Debug for project seg_push_button ****
make all 
Building file: ../main.c
Invoking: AVR Compiler
avr-gcc -Wall -g2 -gstabs -O0 -fpack-struct -fshort-enums -ffunction-sections -fdata-sections -std=gnu99 -funsigned-char -funsigned-bitfields -mmcu=atmega32 -DF_CPU=8000000UL -MMD -MP -MF"main.d" -MT"main.o" -c -o "main.o" "../main.c"
In file included from ../main.c:2:
c:/users/oxygen/desktop/imt embedded/imt tools/sdk/imt_sdk_win_64/winavr/lib/gcc/../../avr/include/util/delay.h:90:3: warning: #warning "Compiler optimizations disabled; functions from <util/delay.h> won't work as designed"
../main.c:12: warning: return type of 'main' is not 'int'
Finished building: ../main.c
 
Building target: seg_push_button.elf
Invoking: AVR C Linker
avr-gcc -Wl,-Map,seg_push_button.map -mmcu=atmega32 -o "seg_push_button.elf"  ./DIO_prog.o ./PORT_prog.o ./main.o   
Finished building target: seg_push_button.elf
 
Invoking: AVR Create Extended Listing
avr-objdump -h -S seg_push_button.elf  >"seg_push_button.lss"
Finished building: seg_push_button.lss
 
Create Flash image (ihex format)
avr-objcopy -R .eeprom -R .fuse -R .lock -R .signature -O ihex seg_push_button.elf  "seg_push_button.hex"
Finished building: seg_push_button.hex
 
Invoking: Print Size
avr-size --format=avr --mcu=atmega32 seg_push_button.elf
AVR Memory Usage
----------------
Device: atmega32

Program:    5432 bytes (16.6% Full)
(.text + .data + .bootloader)

Data:         18 bytes (0.9% Full)
(.data + .bss + .noinit)


Finished building: sizedummy
 

14:25:50 Build Finished (took 3s.796ms)

