03:24:01 **** Incremental Build of configuration Debug for project Stepper_Driver ****
make all 
Building file: ../main.c
Invoking: AVR Compiler
avr-gcc -Wall -g2 -gstabs -O0 -fpack-struct -fshort-enums -ffunction-sections -fdata-sections -std=gnu99 -funsigned-char -funsigned-bitfields -mmcu=atmega32 -DF_CPU=8000000UL -MMD -MP -MF"main.d" -MT"main.o" -c -o "main.o" "../main.c"
In file included from ../main.c:11:
c:/users/oxygen/desktop/imt embedded/imt tools/sdk/imt_sdk_win_64/winavr/lib/gcc/../../avr/include/util/delay.h:90:3: warning: #warning "Compiler optimizations disabled; functions from <util/delay.h> won't work as designed"
../main.c:21: warning: return type of 'main' is not 'int'
Finished building: ../main.c
 
Building target: Stepper_Driver.elf
Invoking: AVR C Linker
avr-gcc -Wl,-Map,Stepper_Driver.map -mmcu=atmega32 -o "Stepper_Driver.elf"  ./DIO_prog.o ./PORT_prog.o ./Stepper_prog.o ./main.o   
Finished building target: Stepper_Driver.elf
 
Invoking: AVR Create Extended Listing
avr-objdump -h -S Stepper_Driver.elf  >"Stepper_Driver.lss"
Finished building: Stepper_Driver.lss
 
Create Flash image (ihex format)
avr-objcopy -R .eeprom -R .fuse -R .lock -R .signature -O ihex Stepper_Driver.elf  "Stepper_Driver.hex"
Finished building: Stepper_Driver.hex
 
Invoking: Print Size
avr-size --format=avr --mcu=atmega32 Stepper_Driver.elf
AVR Memory Usage
----------------
Device: atmega32

Program:    8638 bytes (26.4% Full)
(.text + .data + .bootloader)

Data:         14 bytes (0.7% Full)
(.data + .bss + .noinit)


Finished building: sizedummy
 

03:24:02 Build Finished (took 1s.120ms)

