01:26:44 **** Incremental Build of configuration Debug for project Stepper_Motor ****
make all 
Building file: ../Stepper_prog.c
Invoking: AVR Compiler
avr-gcc -Wall -g2 -gstabs -O0 -fpack-struct -fshort-enums -ffunction-sections -fdata-sections -std=gnu99 -funsigned-char -funsigned-bitfields -mmcu=atmega32 -DF_CPU=8000000UL -MMD -MP -MF"Stepper_prog.d" -MT"Stepper_prog.o" -c -o "Stepper_prog.o" "../Stepper_prog.c"
In file included from ../Stepper_prog.c:3:
c:/users/oxygen/desktop/imt embedded/imt tools/sdk/imt_sdk_win_64/winavr/lib/gcc/../../avr/include/util/delay.h:90:3: warning: #warning "Compiler optimizations disabled; functions from <util/delay.h> won't work as designed"
Finished building: ../Stepper_prog.c
 
Building target: Stepper_Motor.elf
Invoking: AVR C Linker
avr-gcc -Wl,-Map,Stepper_Motor.map -mmcu=atmega32 -o "Stepper_Motor.elf"  ./DIO_prog.o ./PORT_prog.o ./Stepper_prog.o ./main.o   
Finished building target: Stepper_Motor.elf
 
Invoking: AVR Create Extended Listing
avr-objdump -h -S Stepper_Motor.elf  >"Stepper_Motor.lss"
Finished building: Stepper_Motor.lss
 
Create Flash image (ihex format)
avr-objcopy -R .eeprom -R .fuse -R .lock -R .signature -O ihex Stepper_Motor.elf  "Stepper_Motor.hex"
Finished building: Stepper_Motor.hex
 
Invoking: Print Size
avr-size --format=avr --mcu=atmega32 Stepper_Motor.elf
AVR Memory Usage
----------------
Device: atmega32

Program:    6422 bytes (19.6% Full)
(.text + .data + .bootloader)

Data:         14 bytes (0.7% Full)
(.data + .bss + .noinit)


Finished building: sizedummy
 

01:26:52 Build Finished (took 7s.589ms)

