06:41:40 **** Incremental Build of configuration Debug for project Switch ****
make all 
Building file: ../main.c
Invoking: AVR Compiler
avr-gcc -Wall -g2 -gstabs -O0 -fpack-struct -fshort-enums -ffunction-sections -fdata-sections -std=gnu99 -funsigned-char -funsigned-bitfields -mmcu=atmega32 -DF_CPU=8000000UL -MMD -MP -MF"main.d" -MT"main.o" -c -o "main.o" "../main.c"
In file included from ../main.c:12:
c:/users/oxygen/desktop/imt embedded/imt tools/sdk/imt_sdk_win_64/winavr/lib/gcc/../../avr/include/util/delay.h:90:3: warning: #warning "Compiler optimizations disabled; functions from <util/delay.h> won't work as designed"
../main.c:16: warning: return type of 'main' is not 'int'
Finished building: ../main.c
 
Building target: Switch.elf
Invoking: AVR C Linker
avr-gcc -Wl,-Map,Switch.map -mmcu=atmega32 -o "Switch.elf"  ./DIO_prog.o ./SW_prog\ .o ./main.o   
Finished building target: Switch.elf
 
Invoking: AVR Create Extended Listing
avr-objdump -h -S Switch.elf  >"Switch.lss"
Finished building: Switch.lss
 
Create Flash image (ihex format)
avr-objcopy -R .eeprom -R .fuse -R .lock -R .signature -O ihex Switch.elf  "Switch.hex"
Finished building: Switch.hex
 
Invoking: Print Size
avr-size --format=avr --mcu=atmega32 Switch.elf
AVR Memory Usage
----------------
Device: atmega32

Program:    5782 bytes (17.6% Full)
(.text + .data + .bootloader)

Data:         12 bytes (0.6% Full)
(.data + .bss + .noinit)


Finished building: sizedummy
 

06:41:43 Build Finished (took 3s.53ms)

