10:55:43 **** Incremental Build of configuration Debug for project traffic_light ****
make all 
Building file: ../main.c
Invoking: AVR Compiler
avr-gcc -Wall -g2 -gstabs -O0 -fpack-struct -fshort-enums -ffunction-sections -fdata-sections -std=gnu99 -funsigned-char -funsigned-bitfields -mmcu=atmega32 -DF_CPU=8000000UL -MMD -MP -MF"main.d" -MT"main.o" -c -o "main.o" "../main.c"
In file included from ../main.c:4:
c:/users/oxygen/desktop/imt embedded/imt tools/sdk/imt_sdk_win_64/winavr/lib/gcc/../../avr/include/util/delay.h:90:3: warning: #warning "Compiler optimizations disabled; functions from <util/delay.h> won't work as designed"
../main.c:9: warning: return type of 'main' is not 'int'
Finished building: ../main.c
 
Building target: traffic_light.elf
Invoking: AVR C Linker
avr-gcc -Wl,-Map,traffic_light.map -mmcu=atmega32 -o "traffic_light.elf"  ./main.o   
Finished building target: traffic_light.elf
 
Invoking: AVR Create Extended Listing
avr-objdump -h -S traffic_light.elf  >"traffic_light.lss"
Finished building: traffic_light.lss
 
Create Flash image (ihex format)
avr-objcopy -R .eeprom -R .fuse -R .lock -R .signature -O ihex traffic_light.elf  "traffic_light.hex"
Finished building: traffic_light.hex
 
Invoking: Print Size
avr-size --format=avr --mcu=atmega32 traffic_light.elf
AVR Memory Usage
----------------
Device: atmega32

Program:    4950 bytes (15.1% Full)
(.text + .data + .bootloader)

Data:         18 bytes (0.9% Full)
(.data + .bss + .noinit)


Finished building: sizedummy
 

10:55:54 Build Finished (took 10s.890ms)

